2021-08-26 02:20:58,505 [Worker-7: Loading available Gradle versions] INFO  o.e.b.c.i.u.g.PublishedGradleVersions - Gradle version information cache is up-to-date. Trying to read.
2021-08-26 02:28:21,033 [Worker-23: Creating project "LockMeArt"] INFO  o.e.m.c.i.l.LifecycleMappingFactory - Using org.eclipse.m2e.jdt.JarLifecycleMapping lifecycle mapping for MavenProject: LockMe:LockMeArt:0.0.1-SNAPSHOT @ C:\caltech\Phase1-Project\LockMeArt\pom.xml.
2021-08-26 02:28:21,669 [Worker-23: Creating project "LockMeArt"] INFO  o.e.m.j.i.AbstractJavaProjectConfigurator - Adding source folder /LockMeArt/src/main/java
2021-08-26 02:28:21,672 [Worker-23: Creating project "LockMeArt"] INFO  o.e.m.j.i.AbstractJavaProjectConfigurator - Adding resource folder /LockMeArt/src/main/resources
2021-08-26 02:28:21,674 [Worker-23: Creating project "LockMeArt"] INFO  o.e.m.j.i.AbstractJavaProjectConfigurator - Adding source folder /LockMeArt/src/test/java
2021-08-26 02:28:21,675 [Worker-23: Creating project "LockMeArt"] INFO  o.e.m.j.i.AbstractJavaProjectConfigurator - Adding resource folder /LockMeArt/src/test/resources
2021-08-26 02:28:22,459 [Worker-22: Building] WARN  o.e.m.c.i.embedder.EclipseLogger - Using platform encoding (Cp1252 actually) to copy filtered resources, i.e. build is platform dependent!
2021-08-26 02:28:22,469 [Worker-22: Building] INFO  o.e.m.c.i.embedder.EclipseLogger - Copying 0 resource
2021-08-26 02:28:22,472 [Worker-22: Building] WARN  o.e.m.c.i.embedder.EclipseLogger - Using platform encoding (Cp1252 actually) to copy filtered resources, i.e. build is platform dependent!
2021-08-26 02:28:22,474 [Worker-22: Building] INFO  o.e.m.c.i.embedder.EclipseLogger - Copying 0 resource
2021-08-26 02:29:52,184 [Worker-25: Building] WARN  o.e.m.c.i.embedder.EclipseLogger - Using platform encoding (Cp1252 actually) to copy filtered resources, i.e. build is platform dependent!
2021-08-26 02:29:52,190 [Worker-25: Building] INFO  o.e.m.c.i.embedder.EclipseLogger - Copying 0 resource
2021-08-26 02:29:52,192 [Worker-25: Building] WARN  o.e.m.c.i.embedder.EclipseLogger - Using platform encoding (Cp1252 actually) to copy filtered resources, i.e. build is platform dependent!
2021-08-26 02:29:52,193 [Worker-25: Building] INFO  o.e.m.c.i.embedder.EclipseLogger - Copying 0 resource
2021-08-26 02:29:56,918 [Worker-24: Building] WARN  o.e.m.c.i.embedder.EclipseLogger - Using platform encoding (Cp1252 actually) to copy filtered resources, i.e. build is platform dependent!
2021-08-26 02:29:56,919 [Worker-24: Building] INFO  o.e.m.c.i.embedder.EclipseLogger - Copying 0 resource
2021-08-26 02:29:56,920 [Worker-24: Building] WARN  o.e.m.c.i.embedder.EclipseLogger - Using platform encoding (Cp1252 actually) to copy filtered resources, i.e. build is platform dependent!
2021-08-26 02:29:56,921 [Worker-24: Building] INFO  o.e.m.c.i.embedder.EclipseLogger - Copying 0 resource
2021-08-26 02:30:21,859 [Worker-24: Building] WARN  o.e.m.c.i.embedder.EclipseLogger - Using platform encoding (Cp1252 actually) to copy filtered resources, i.e. build is platform dependent!
2021-08-26 02:30:21,861 [Worker-24: Building] INFO  o.e.m.c.i.embedder.EclipseLogger - Copying 0 resource
2021-08-26 02:30:21,862 [Worker-24: Building] WARN  o.e.m.c.i.embedder.EclipseLogger - Using platform encoding (Cp1252 actually) to copy filtered resources, i.e. build is platform dependent!
2021-08-26 02:30:21,864 [Worker-24: Building] INFO  o.e.m.c.i.embedder.EclipseLogger - Copying 0 resource
2021-08-26 02:31:15,146 [Worker-26: Building] WARN  o.e.m.c.i.embedder.EclipseLogger - Using platform encoding (Cp1252 actually) to copy filtered resources, i.e. build is platform dependent!
2021-08-26 02:31:15,148 [Worker-26: Building] INFO  o.e.m.c.i.embedder.EclipseLogger - Copying 0 resource
2021-08-26 02:31:15,150 [Worker-26: Building] WARN  o.e.m.c.i.embedder.EclipseLogger - Using platform encoding (Cp1252 actually) to copy filtered resources, i.e. build is platform dependent!
2021-08-26 02:31:15,151 [Worker-26: Building] INFO  o.e.m.c.i.embedder.EclipseLogger - Copying 0 resource
2021-08-26 02:31:27,508 [Worker-26: Building] WARN  o.e.m.c.i.embedder.EclipseLogger - Using platform encoding (Cp1252 actually) to copy filtered resources, i.e. build is platform dependent!
2021-08-26 02:31:27,510 [Worker-26: Building] INFO  o.e.m.c.i.embedder.EclipseLogger - Copying 0 resource
2021-08-26 02:31:27,511 [Worker-26: Building] WARN  o.e.m.c.i.embedder.EclipseLogger - Using platform encoding (Cp1252 actually) to copy filtered resources, i.e. build is platform dependent!
2021-08-26 02:31:27,514 [Worker-26: Building] INFO  o.e.m.c.i.embedder.EclipseLogger - Copying 0 resource
2021-08-26 02:32:35,457 [Worker-5: Loading available Gradle versions] INFO  o.e.b.c.i.u.g.PublishedGradleVersions - Gradle version information cache is up-to-date. Trying to read.
2021-08-26 03:02:10,503 [Worker-27: Building] WARN  o.e.m.c.i.embedder.EclipseLogger - Using platform encoding (Cp1252 actually) to copy filtered resources, i.e. build is platform dependent!
2021-08-26 03:02:10,510 [Worker-27: Building] INFO  o.e.m.c.i.embedder.EclipseLogger - Copying 0 resource
2021-08-26 03:02:10,512 [Worker-27: Building] WARN  o.e.m.c.i.embedder.EclipseLogger - Using platform encoding (Cp1252 actually) to copy filtered resources, i.e. build is platform dependent!
2021-08-26 03:02:10,513 [Worker-27: Building] INFO  o.e.m.c.i.embedder.EclipseLogger - Copying 0 resource
2021-08-26 03:02:16,292 [Worker-29: Building] WARN  o.e.m.c.i.embedder.EclipseLogger - Using platform encoding (Cp1252 actually) to copy filtered resources, i.e. build is platform dependent!
2021-08-26 03:02:16,297 [Worker-29: Building] INFO  o.e.m.c.i.embedder.EclipseLogger - Copying 0 resource
2021-08-26 03:02:16,297 [Worker-29: Building] WARN  o.e.m.c.i.embedder.EclipseLogger - Using platform encoding (Cp1252 actually) to copy filtered resources, i.e. build is platform dependent!
2021-08-26 03:02:16,297 [Worker-29: Building] INFO  o.e.m.c.i.embedder.EclipseLogger - Copying 0 resource
2021-08-26 03:02:25,940 [Worker-30: Building] WARN  o.e.m.c.i.embedder.EclipseLogger - Using platform encoding (Cp1252 actually) to copy filtered resources, i.e. build is platform dependent!
2021-08-26 03:02:25,941 [Worker-30: Building] INFO  o.e.m.c.i.embedder.EclipseLogger - Copying 0 resource
2021-08-26 03:02:25,943 [Worker-30: Building] WARN  o.e.m.c.i.embedder.EclipseLogger - Using platform encoding (Cp1252 actually) to copy filtered resources, i.e. build is platform dependent!
2021-08-26 03:02:25,945 [Worker-30: Building] INFO  o.e.m.c.i.embedder.EclipseLogger - Copying 0 resource
2021-08-26 03:02:41,175 [Worker-24: Building] WARN  o.e.m.c.i.embedder.EclipseLogger - Using platform encoding (Cp1252 actually) to copy filtered resources, i.e. build is platform dependent!
2021-08-26 03:02:41,177 [Worker-24: Building] INFO  o.e.m.c.i.embedder.EclipseLogger - Copying 0 resource
2021-08-26 03:02:41,179 [Worker-24: Building] WARN  o.e.m.c.i.embedder.EclipseLogger - Using platform encoding (Cp1252 actually) to copy filtered resources, i.e. build is platform dependent!
2021-08-26 03:02:41,180 [Worker-24: Building] INFO  o.e.m.c.i.embedder.EclipseLogger - Copying 0 resource
2021-08-26 12:30:39,810 [Worker-0: Loading available Gradle versions] INFO  o.e.b.c.i.u.g.PublishedGradleVersions - Gradle version information cache is up-to-date. Trying to read.
2021-08-26 12:33:08,567 [Worker-22: Building] WARN  o.e.m.c.i.embedder.EclipseLogger - Using platform encoding (Cp1252 actually) to copy filtered resources, i.e. build is platform dependent!
2021-08-26 12:33:08,579 [Worker-22: Building] INFO  o.e.m.c.i.embedder.EclipseLogger - Copying 0 resource
2021-08-26 12:33:08,583 [Worker-22: Building] WARN  o.e.m.c.i.embedder.EclipseLogger - Using platform encoding (Cp1252 actually) to copy filtered resources, i.e. build is platform dependent!
2021-08-26 12:33:08,585 [Worker-22: Building] INFO  o.e.m.c.i.embedder.EclipseLogger - Copying 0 resource
2021-08-26 12:36:39,155 [Worker-23: Building] WARN  o.e.m.c.i.embedder.EclipseLogger - Using platform encoding (Cp1252 actually) to copy filtered resources, i.e. build is platform dependent!
2021-08-26 12:36:39,167 [Worker-23: Building] INFO  o.e.m.c.i.embedder.EclipseLogger - Copying 0 resource
2021-08-26 12:36:39,169 [Worker-23: Building] WARN  o.e.m.c.i.embedder.EclipseLogger - Using platform encoding (Cp1252 actually) to copy filtered resources, i.e. build is platform dependent!
2021-08-26 12:36:39,170 [Worker-23: Building] INFO  o.e.m.c.i.embedder.EclipseLogger - Copying 0 resource
2021-08-26 12:37:09,756 [Worker-22: Building] WARN  o.e.m.c.i.embedder.EclipseLogger - Using platform encoding (Cp1252 actually) to copy filtered resources, i.e. build is platform dependent!
2021-08-26 12:37:09,759 [Worker-22: Building] INFO  o.e.m.c.i.embedder.EclipseLogger - Copying 0 resource
2021-08-26 12:37:09,763 [Worker-22: Building] WARN  o.e.m.c.i.embedder.EclipseLogger - Using platform encoding (Cp1252 actually) to copy filtered resources, i.e. build is platform dependent!
2021-08-26 12:37:09,766 [Worker-22: Building] INFO  o.e.m.c.i.embedder.EclipseLogger - Copying 0 resource
2021-08-26 12:37:46,327 [Worker-25: Building] WARN  o.e.m.c.i.embedder.EclipseLogger - Using platform encoding (Cp1252 actually) to copy filtered resources, i.e. build is platform dependent!
2021-08-26 12:37:46,330 [Worker-25: Building] INFO  o.e.m.c.i.embedder.EclipseLogger - Copying 0 resource
2021-08-26 12:37:46,332 [Worker-25: Building] WARN  o.e.m.c.i.embedder.EclipseLogger - Using platform encoding (Cp1252 actually) to copy filtered resources, i.e. build is platform dependent!
2021-08-26 12:37:46,334 [Worker-25: Building] INFO  o.e.m.c.i.embedder.EclipseLogger - Copying 0 resource
2021-08-26 12:38:19,122 [Worker-2: Loading available Gradle versions] INFO  o.e.b.c.i.u.g.PublishedGradleVersions - Gradle version information cache is up-to-date. Trying to read.
2021-08-26 12:41:08,836 [Worker-4: Building] WARN  o.e.m.c.i.embedder.EclipseLogger - Using platform encoding (Cp1252 actually) to copy filtered resources, i.e. build is platform dependent!
2021-08-26 12:41:08,845 [Worker-4: Building] INFO  o.e.m.c.i.embedder.EclipseLogger - Copying 0 resource
2021-08-26 12:41:08,849 [Worker-4: Building] WARN  o.e.m.c.i.embedder.EclipseLogger - Using platform encoding (Cp1252 actually) to copy filtered resources, i.e. build is platform dependent!
2021-08-26 12:41:08,858 [Worker-4: Building] INFO  o.e.m.c.i.embedder.EclipseLogger - Copying 0 resource
2021-08-26 12:41:31,660 [Worker-1: Loading available Gradle versions] INFO  o.e.b.c.i.u.g.PublishedGradleVersions - Gradle version information cache is up-to-date. Trying to read.
2021-08-26 12:42:57,511 [Worker-6: Launching UserInterface] WARN  o.e.m.c.i.embedder.EclipseLogger - Using platform encoding (Cp1252 actually) to copy filtered resources, i.e. build is platform dependent!
2021-08-26 12:42:57,519 [Worker-6: Launching UserInterface] INFO  o.e.m.c.i.embedder.EclipseLogger - Copying 0 resource
2021-08-26 12:42:57,523 [Worker-6: Launching UserInterface] WARN  o.e.m.c.i.embedder.EclipseLogger - Using platform encoding (Cp1252 actually) to copy filtered resources, i.e. build is platform dependent!
2021-08-26 12:42:57,525 [Worker-6: Launching UserInterface] INFO  o.e.m.c.i.embedder.EclipseLogger - Copying 0 resource
2021-08-26 12:47:39,762 [Worker-5: Building] WARN  o.e.m.c.i.embedder.EclipseLogger - Using platform encoding (Cp1252 actually) to copy filtered resources, i.e. build is platform dependent!
2021-08-26 12:47:39,773 [Worker-5: Building] INFO  o.e.m.c.i.embedder.EclipseLogger - Copying 0 resource
2021-08-26 12:47:39,777 [Worker-5: Building] WARN  o.e.m.c.i.embedder.EclipseLogger - Using platform encoding (Cp1252 actually) to copy filtered resources, i.e. build is platform dependent!
2021-08-26 12:47:39,780 [Worker-5: Building] INFO  o.e.m.c.i.embedder.EclipseLogger - Copying 0 resource
2021-08-26 12:47:54,093 [Worker-20: Building] WARN  o.e.m.c.i.embedder.EclipseLogger - Using platform encoding (Cp1252 actually) to copy filtered resources, i.e. build is platform dependent!
2021-08-26 12:47:54,097 [Worker-20: Building] INFO  o.e.m.c.i.embedder.EclipseLogger - Copying 0 resource
2021-08-26 12:47:54,101 [Worker-20: Building] WARN  o.e.m.c.i.embedder.EclipseLogger - Using platform encoding (Cp1252 actually) to copy filtered resources, i.e. build is platform dependent!
2021-08-26 12:47:54,104 [Worker-20: Building] INFO  o.e.m.c.i.embedder.EclipseLogger - Copying 0 resource
2021-08-26 12:48:18,550 [Worker-9: Building] WARN  o.e.m.c.i.embedder.EclipseLogger - Using platform encoding (Cp1252 actually) to copy filtered resources, i.e. build is platform dependent!
2021-08-26 12:48:18,553 [Worker-9: Building] INFO  o.e.m.c.i.embedder.EclipseLogger - Copying 0 resource
2021-08-26 12:48:18,555 [Worker-9: Building] WARN  o.e.m.c.i.embedder.EclipseLogger - Using platform encoding (Cp1252 actually) to copy filtered resources, i.e. build is platform dependent!
2021-08-26 12:48:18,557 [Worker-9: Building] INFO  o.e.m.c.i.embedder.EclipseLogger - Copying 0 resource
2021-08-26 12:51:15,110 [Worker-22: Building] WARN  o.e.m.c.i.embedder.EclipseLogger - Using platform encoding (Cp1252 actually) to copy filtered resources, i.e. build is platform dependent!
2021-08-26 12:51:15,116 [Worker-22: Building] INFO  o.e.m.c.i.embedder.EclipseLogger - Copying 0 resource
2021-08-26 12:51:15,118 [Worker-22: Building] WARN  o.e.m.c.i.embedder.EclipseLogger - Using platform encoding (Cp1252 actually) to copy filtered resources, i.e. build is platform dependent!
2021-08-26 12:51:15,120 [Worker-22: Building] INFO  o.e.m.c.i.embedder.EclipseLogger - Copying 0 resource
2021-08-26 13:04:57,742 [Worker-27: Building] WARN  o.e.m.c.i.embedder.EclipseLogger - Using platform encoding (Cp1252 actually) to copy filtered resources, i.e. build is platform dependent!
2021-08-26 13:04:57,744 [Worker-27: Building] INFO  o.e.m.c.i.embedder.EclipseLogger - Copying 0 resource
2021-08-26 13:04:57,744 [Worker-27: Building] WARN  o.e.m.c.i.embedder.EclipseLogger - Using platform encoding (Cp1252 actually) to copy filtered resources, i.e. build is platform dependent!
2021-08-26 13:04:57,746 [Worker-27: Building] INFO  o.e.m.c.i.embedder.EclipseLogger - Copying 0 resource
2021-08-26 13:06:13,879 [Worker-30: Building] WARN  o.e.m.c.i.embedder.EclipseLogger - Using platform encoding (Cp1252 actually) to copy filtered resources, i.e. build is platform dependent!
2021-08-26 13:06:13,881 [Worker-30: Building] INFO  o.e.m.c.i.embedder.EclipseLogger - Copying 0 resource
2021-08-26 13:06:13,882 [Worker-30: Building] WARN  o.e.m.c.i.embedder.EclipseLogger - Using platform encoding (Cp1252 actually) to copy filtered resources, i.e. build is platform dependent!
2021-08-26 13:06:13,884 [Worker-30: Building] INFO  o.e.m.c.i.embedder.EclipseLogger - Copying 0 resource
2021-08-26 13:17:44,373 [Worker-37: Building] WARN  o.e.m.c.i.embedder.EclipseLogger - Using platform encoding (Cp1252 actually) to copy filtered resources, i.e. build is platform dependent!
2021-08-26 13:17:44,376 [Worker-37: Building] INFO  o.e.m.c.i.embedder.EclipseLogger - Copying 0 resource
2021-08-26 13:17:44,380 [Worker-37: Building] WARN  o.e.m.c.i.embedder.EclipseLogger - Using platform encoding (Cp1252 actually) to copy filtered resources, i.e. build is platform dependent!
2021-08-26 13:17:44,382 [Worker-37: Building] INFO  o.e.m.c.i.embedder.EclipseLogger - Copying 0 resource
2021-08-26 13:37:48,205 [Worker-40: Building] WARN  o.e.m.c.i.embedder.EclipseLogger - Using platform encoding (Cp1252 actually) to copy filtered resources, i.e. build is platform dependent!
2021-08-26 13:37:48,208 [Worker-40: Building] INFO  o.e.m.c.i.embedder.EclipseLogger - Copying 0 resource
2021-08-26 13:37:48,209 [Worker-40: Building] WARN  o.e.m.c.i.embedder.EclipseLogger - Using platform encoding (Cp1252 actually) to copy filtered resources, i.e. build is platform dependent!
2021-08-26 13:37:48,211 [Worker-40: Building] INFO  o.e.m.c.i.embedder.EclipseLogger - Copying 0 resource
2021-08-26 13:39:36,502 [Worker-38: Building] WARN  o.e.m.c.i.embedder.EclipseLogger - Using platform encoding (Cp1252 actually) to copy filtered resources, i.e. build is platform dependent!
2021-08-26 13:39:36,505 [Worker-38: Building] INFO  o.e.m.c.i.embedder.EclipseLogger - Copying 0 resource
2021-08-26 13:39:36,507 [Worker-38: Building] WARN  o.e.m.c.i.embedder.EclipseLogger - Using platform encoding (Cp1252 actually) to copy filtered resources, i.e. build is platform dependent!
2021-08-26 13:39:36,509 [Worker-38: Building] INFO  o.e.m.c.i.embedder.EclipseLogger - Copying 0 resource
2021-08-29 15:19:41,180 [Worker-6: Loading available Gradle versions] INFO  o.e.b.c.i.u.g.PublishedGradleVersions - Gradle version information cache is out-of-date. Trying to update.
2021-08-29 15:19:41,597 [Worker-6: Loading available Gradle versions] INFO  o.e.b.c.i.u.g.PublishedGradleVersions - Updating Gradle version information cache failed. Using outdated cache.
2021-08-29 19:33:00,433 [Worker-22: Building] WARN  o.e.m.c.i.embedder.EclipseLogger - Using platform encoding (Cp1252 actually) to copy filtered resources, i.e. build is platform dependent!
2021-08-29 19:33:00,446 [Worker-22: Building] INFO  o.e.m.c.i.embedder.EclipseLogger - Copying 0 resource
2021-08-29 19:33:00,450 [Worker-22: Building] WARN  o.e.m.c.i.embedder.EclipseLogger - Using platform encoding (Cp1252 actually) to copy filtered resources, i.e. build is platform dependent!
2021-08-29 19:33:00,453 [Worker-22: Building] INFO  o.e.m.c.i.embedder.EclipseLogger - Copying 0 resource
2021-08-29 20:08:49,127 [Worker-40: Building] INFO  o.e.m.c.i.l.LifecycleMappingFactory - Using org.eclipse.m2e.jdt.JarLifecycleMapping lifecycle mapping for MavenProject: LockMe:LockMeArt:0.0.1 @ C:\caltech\Phase1-Project\LockMeArt\pom.xml.
2021-08-29 20:08:49,421 [Worker-40: Building] WARN  o.e.m.c.i.embedder.EclipseLogger - Using platform encoding (Cp1252 actually) to copy filtered resources, i.e. build is platform dependent!
2021-08-29 20:08:49,423 [Worker-40: Building] INFO  o.e.m.c.i.embedder.EclipseLogger - Copying 0 resource
2021-08-29 20:08:49,425 [Worker-40: Building] WARN  o.e.m.c.i.embedder.EclipseLogger - Using platform encoding (Cp1252 actually) to copy filtered resources, i.e. build is platform dependent!
2021-08-29 20:08:49,427 [Worker-40: Building] INFO  o.e.m.c.i.embedder.EclipseLogger - Copying 0 resource
2021-08-29 20:12:38,378 [Worker-45: Building] INFO  o.e.m.c.i.l.LifecycleMappingFactory - Using org.eclipse.m2e.jdt.JarLifecycleMapping lifecycle mapping for MavenProject: LockMe:LockMeArt:0.0.1 @ C:\caltech\Phase1-Project\LockMeArt\pom.xml.
2021-08-29 20:12:38,552 [Worker-45: Building] WARN  o.e.m.c.i.embedder.EclipseLogger - Using platform encoding (Cp1252 actually) to copy filtered resources, i.e. build is platform dependent!
2021-08-29 20:12:38,554 [Worker-45: Building] INFO  o.e.m.c.i.embedder.EclipseLogger - Copying 0 resource
2021-08-29 20:12:38,556 [Worker-45: Building] WARN  o.e.m.c.i.embedder.EclipseLogger - Using platform encoding (Cp1252 actually) to copy filtered resources, i.e. build is platform dependent!
2021-08-29 20:12:38,557 [Worker-45: Building] INFO  o.e.m.c.i.embedder.EclipseLogger - Copying 0 resource
2021-08-29 20:12:57,583 [Worker-43: Launching Executing clean in C__caltech_Phase1-Project_LockMeArt] INFO  o.e.m.i.launch.MavenLaunchDelegate - C:\caltech\Phase1-Project\LockMeArt
2021-08-29 20:12:57,588 [Worker-43: Launching Executing clean in C__caltech_Phase1-Project_LockMeArt] INFO  o.e.m.i.launch.MavenLaunchDelegate -  mvn -B clean
2021-08-29 20:12:59,711 [Worker-40: Building] WARN  o.e.m.c.i.embedder.EclipseLogger - Using platform encoding (Cp1252 actually) to copy filtered resources, i.e. build is platform dependent!
2021-08-29 20:12:59,716 [Worker-40: Building] INFO  o.e.m.c.i.embedder.EclipseLogger - Copying 0 resource
2021-08-29 20:12:59,717 [Worker-40: Building] WARN  o.e.m.c.i.embedder.EclipseLogger - Using platform encoding (Cp1252 actually) to copy filtered resources, i.e. build is platform dependent!
2021-08-29 20:12:59,722 [Worker-40: Building] INFO  o.e.m.c.i.embedder.EclipseLogger - Copying 0 resource
2021-08-29 20:13:19,649 [Worker-46: Building] WARN  o.e.m.c.i.embedder.EclipseLogger - Using platform encoding (Cp1252 actually) to copy filtered resources, i.e. build is platform dependent!
2021-08-29 20:13:19,650 [Worker-46: Building] INFO  o.e.m.c.i.embedder.EclipseLogger - Copying 0 resource
2021-08-29 20:13:19,652 [Worker-46: Building] WARN  o.e.m.c.i.embedder.EclipseLogger - Using platform encoding (Cp1252 actually) to copy filtered resources, i.e. build is platform dependent!
2021-08-29 20:13:19,653 [Worker-46: Building] INFO  o.e.m.c.i.embedder.EclipseLogger - Copying 0 resource
2021-08-29 20:13:24,071 [Worker-45: Building] WARN  o.e.m.c.i.embedder.EclipseLogger - Using platform encoding (Cp1252 actually) to copy filtered resources, i.e. build is platform dependent!
2021-08-29 20:13:24,072 [Worker-45: Building] INFO  o.e.m.c.i.embedder.EclipseLogger - Copying 0 resource
2021-08-29 20:13:24,074 [Worker-45: Building] WARN  o.e.m.c.i.embedder.EclipseLogger - Using platform encoding (Cp1252 actually) to copy filtered resources, i.e. build is platform dependent!
2021-08-29 20:13:24,082 [Worker-45: Building] INFO  o.e.m.c.i.embedder.EclipseLogger - Copying 0 resource
2021-08-29 20:13:32,693 [Worker-40: Building] WARN  o.e.m.c.i.embedder.EclipseLogger - Using platform encoding (Cp1252 actually) to copy filtered resources, i.e. build is platform dependent!
2021-08-29 20:13:32,695 [Worker-40: Building] INFO  o.e.m.c.i.embedder.EclipseLogger - Copying 0 resource
2021-08-29 20:13:32,696 [Worker-40: Building] WARN  o.e.m.c.i.embedder.EclipseLogger - Using platform encoding (Cp1252 actually) to copy filtered resources, i.e. build is platform dependent!
2021-08-29 20:13:32,698 [Worker-40: Building] INFO  o.e.m.c.i.embedder.EclipseLogger - Copying 0 resource
2021-08-29 20:14:41,811 [main] INFO  o.e.m2e.actions.ExecutePomAction - Creating new launch configuration
2021-08-29 20:14:46,750 [Worker-45: Launching LockMeArt] INFO  o.e.m.i.launch.MavenLaunchDelegate - C:\caltech\Phase1-Project\LockMeArt
2021-08-29 20:14:46,750 [Worker-45: Launching LockMeArt] INFO  o.e.m.i.launch.MavenLaunchDelegate -  mvn -B 
2021-08-29 20:15:11,501 [Worker-37: Launching Executing clean in C__caltech_Phase1-Project_LockMeArt] INFO  o.e.m.i.launch.MavenLaunchDelegate - C:\caltech\Phase1-Project\LockMeArt
2021-08-29 20:15:11,501 [Worker-37: Launching Executing clean in C__caltech_Phase1-Project_LockMeArt] INFO  o.e.m.i.launch.MavenLaunchDelegate -  mvn -B clean
2021-08-29 20:15:13,357 [Worker-40: Building] WARN  o.e.m.c.i.embedder.EclipseLogger - Using platform encoding (Cp1252 actually) to copy filtered resources, i.e. build is platform dependent!
2021-08-29 20:15:13,360 [Worker-40: Building] INFO  o.e.m.c.i.embedder.EclipseLogger - Copying 0 resource
2021-08-29 20:15:13,362 [Worker-40: Building] WARN  o.e.m.c.i.embedder.EclipseLogger - Using platform encoding (Cp1252 actually) to copy filtered resources, i.e. build is platform dependent!
2021-08-29 20:15:13,372 [Worker-40: Building] INFO  o.e.m.c.i.embedder.EclipseLogger - Copying 0 resource
2021-08-29 20:15:28,295 [main] INFO  o.e.m2e.actions.ExecutePomAction - Using existing launch configuration
2021-08-29 20:16:15,205 [Worker-37: Launching Executing clean in C__caltech_Phase1-Project_LockMeArt] INFO  o.e.m.i.launch.MavenLaunchDelegate - C:\caltech\Phase1-Project\LockMeArt
2021-08-29 20:16:15,206 [Worker-37: Launching Executing clean in C__caltech_Phase1-Project_LockMeArt] INFO  o.e.m.i.launch.MavenLaunchDelegate -  mvn -B clean
2021-08-29 20:16:17,253 [Worker-46: Building] WARN  o.e.m.c.i.embedder.EclipseLogger - Using platform encoding (Cp1252 actually) to copy filtered resources, i.e. build is platform dependent!
2021-08-29 20:16:17,257 [Worker-46: Building] INFO  o.e.m.c.i.embedder.EclipseLogger - Copying 0 resource
2021-08-29 20:16:17,259 [Worker-46: Building] WARN  o.e.m.c.i.embedder.EclipseLogger - Using platform encoding (Cp1252 actually) to copy filtered resources, i.e. build is platform dependent!
2021-08-29 20:16:17,267 [Worker-46: Building] INFO  o.e.m.c.i.embedder.EclipseLogger - Copying 0 resource
2021-08-29 20:16:27,526 [main] INFO  o.e.m2e.actions.ExecutePomAction - Using existing launch configuration
2021-08-29 20:16:41,288 [Worker-40: Launching LockMeArt] INFO  o.e.m.i.launch.MavenLaunchDelegate - C:\caltech\Phase1-Project\LockMeArt
2021-08-29 20:16:41,288 [Worker-40: Launching LockMeArt] INFO  o.e.m.i.launch.MavenLaunchDelegate -  mvn -B -N -Dmaven.test.skip=true -DskipTests 
2021-08-29 20:19:55,768 [main] INFO  o.e.m2e.actions.ExecutePomAction - Creating new launch configuration
2021-08-29 20:20:18,829 [Worker-46: Launching LockMeArt (1)] INFO  o.e.m.i.launch.MavenLaunchDelegate - C:\caltech\Phase1-Project\LockMeArt
2021-08-29 20:20:18,829 [Worker-46: Launching LockMeArt (1)] INFO  o.e.m.i.launch.MavenLaunchDelegate -  mvn -B -N -Dmaven.test.skip=true -DskipTests LockMe.jar
2021-08-29 20:21:02,285 [main] INFO  o.e.m2e.actions.ExecutePomAction - Creating new launch configuration
2021-08-29 20:21:11,077 [Worker-37: Launching LockMeArt (2)] INFO  o.e.m.i.launch.MavenLaunchDelegate - C:\caltech\Phase1-Project\LockMeArt
2021-08-29 20:21:11,077 [Worker-37: Launching LockMeArt (2)] INFO  o.e.m.i.launch.MavenLaunchDelegate -  mvn -B clean
2021-08-29 20:21:18,278 [Worker-43: Building] WARN  o.e.m.c.i.embedder.EclipseLogger - Using platform encoding (Cp1252 actually) to copy filtered resources, i.e. build is platform dependent!
2021-08-29 20:21:18,280 [Worker-43: Building] INFO  o.e.m.c.i.embedder.EclipseLogger - Copying 0 resource
2021-08-29 20:21:18,282 [Worker-43: Building] WARN  o.e.m.c.i.embedder.EclipseLogger - Using platform encoding (Cp1252 actually) to copy filtered resources, i.e. build is platform dependent!
2021-08-29 20:21:18,287 [Worker-43: Building] INFO  o.e.m.c.i.embedder.EclipseLogger - Copying 0 resource
2021-08-29 20:23:05,568 [main] INFO  o.e.m2e.actions.ExecutePomAction - Creating new launch configuration
2021-08-29 20:23:14,257 [Worker-43: Launching LockMeArt (3)] INFO  o.e.m.i.launch.MavenLaunchDelegate - C:\caltech\Phase1-Project\LockMeArt
2021-08-29 20:23:14,258 [Worker-43: Launching LockMeArt (3)] INFO  o.e.m.i.launch.MavenLaunchDelegate -  mvn -B -Dmaven.test.skip=true -DskipTests compile
2021-08-29 20:25:02,154 [Worker-43: Building] WARN  o.e.m.c.i.embedder.EclipseLogger - Using platform encoding (Cp1252 actually) to copy filtered resources, i.e. build is platform dependent!
2021-08-29 20:25:02,155 [Worker-43: Building] INFO  o.e.m.c.i.embedder.EclipseLogger - Copying 0 resource
2021-08-29 20:25:02,156 [Worker-43: Building] WARN  o.e.m.c.i.embedder.EclipseLogger - Using platform encoding (Cp1252 actually) to copy filtered resources, i.e. build is platform dependent!
2021-08-29 20:25:02,158 [Worker-43: Building] INFO  o.e.m.c.i.embedder.EclipseLogger - Copying 0 resource
2021-08-29 20:25:12,320 [main] INFO  o.e.m2e.actions.ExecutePomAction - Creating new launch configuration
2021-08-29 20:25:20,637 [Worker-51: Launching LockMeArt (4)] INFO  o.e.m.i.launch.MavenLaunchDelegate - C:\caltech\Phase1-Project\LockMeArt
2021-08-29 20:25:20,637 [Worker-51: Launching LockMeArt (4)] INFO  o.e.m.i.launch.MavenLaunchDelegate -  mvn -B clean
2021-08-29 20:25:45,567 [main] INFO  o.e.m2e.actions.ExecutePomAction - Creating new launch configuration
2021-08-29 20:25:53,477 [Worker-53: Launching LockMeArt (5)] INFO  o.e.m.i.launch.MavenLaunchDelegate - C:\caltech\Phase1-Project\LockMeArt
2021-08-29 20:25:53,478 [Worker-53: Launching LockMeArt (5)] INFO  o.e.m.i.launch.MavenLaunchDelegate -  mvn -B -Dmaven.test.skip=true -DskipTests compile
2021-08-29 20:26:50,900 [Worker-52: Building] WARN  o.e.m.c.i.embedder.EclipseLogger - Using platform encoding (Cp1252 actually) to copy filtered resources, i.e. build is platform dependent!
2021-08-29 20:26:50,902 [Worker-52: Building] INFO  o.e.m.c.i.embedder.EclipseLogger - Copying 0 resource
2021-08-29 20:26:50,904 [Worker-52: Building] WARN  o.e.m.c.i.embedder.EclipseLogger - Using platform encoding (Cp1252 actually) to copy filtered resources, i.e. build is platform dependent!
2021-08-29 20:26:50,907 [Worker-52: Building] INFO  o.e.m.c.i.embedder.EclipseLogger - Copying 0 resource
2021-08-29 20:27:10,346 [Worker-53: Building] WARN  o.e.m.c.i.embedder.EclipseLogger - Using platform encoding (Cp1252 actually) to copy filtered resources, i.e. build is platform dependent!
2021-08-29 20:27:10,348 [Worker-53: Building] INFO  o.e.m.c.i.embedder.EclipseLogger - Copying 0 resource
2021-08-29 20:27:10,349 [Worker-53: Building] WARN  o.e.m.c.i.embedder.EclipseLogger - Using platform encoding (Cp1252 actually) to copy filtered resources, i.e. build is platform dependent!
2021-08-29 20:27:10,351 [Worker-53: Building] INFO  o.e.m.c.i.embedder.EclipseLogger - Copying 0 resource
2021-08-29 20:27:23,824 [main] INFO  o.e.m2e.actions.ExecutePomAction - Creating new launch configuration
2021-08-29 20:27:35,575 [Worker-54: Launching LockMeArt (6)] INFO  o.e.m.i.launch.MavenLaunchDelegate - C:\caltech\Phase1-Project\LockMeArt
2021-08-29 20:27:35,575 [Worker-54: Launching LockMeArt (6)] INFO  o.e.m.i.launch.MavenLaunchDelegate -  mvn -B -X -e -Dmaven.test.skip=true -DskipTests clean
2021-08-29 20:27:51,275 [main] INFO  o.e.m2e.actions.ExecutePomAction - Creating new launch configuration
2021-08-29 20:27:56,055 [Worker-46: Launching LockMeArt (7)] INFO  o.e.m.i.launch.MavenLaunchDelegate - C:\caltech\Phase1-Project\LockMeArt
2021-08-29 20:27:56,056 [Worker-46: Launching LockMeArt (7)] INFO  o.e.m.i.launch.MavenLaunchDelegate -  mvn -B compile
2021-08-29 20:29:00,107 [Worker-51: Building] INFO  o.e.m.c.i.l.LifecycleMappingFactory - Using org.eclipse.m2e.jdt.JarLifecycleMapping lifecycle mapping for MavenProject: LockMe:LockMeArt:0.0.1 @ C:\caltech\Phase1-Project\LockMeArt\pom.xml.
2021-08-29 20:29:00,252 [Worker-51: Building] WARN  o.e.m.c.i.embedder.EclipseLogger - Using platform encoding (Cp1252 actually) to copy filtered resources, i.e. build is platform dependent!
2021-08-29 20:29:00,254 [Worker-51: Building] INFO  o.e.m.c.i.embedder.EclipseLogger - Copying 0 resource
2021-08-29 20:29:00,256 [Worker-51: Building] WARN  o.e.m.c.i.embedder.EclipseLogger - Using platform encoding (Cp1252 actually) to copy filtered resources, i.e. build is platform dependent!
2021-08-29 20:29:00,258 [Worker-51: Building] INFO  o.e.m.c.i.embedder.EclipseLogger - Copying 0 resource
2021-08-29 20:29:19,371 [Worker-46: Launching Executing clean in C__caltech_Phase1-Project_LockMeArt] INFO  o.e.m.i.launch.MavenLaunchDelegate - C:\caltech\Phase1-Project\LockMeArt
2021-08-29 20:29:19,372 [Worker-46: Launching Executing clean in C__caltech_Phase1-Project_LockMeArt] INFO  o.e.m.i.launch.MavenLaunchDelegate -  mvn -B clean
2021-08-29 20:29:21,414 [Worker-54: Building] WARN  o.e.m.c.i.embedder.EclipseLogger - Using platform encoding (Cp1252 actually) to copy filtered resources, i.e. build is platform dependent!
2021-08-29 20:29:21,417 [Worker-54: Building] INFO  o.e.m.c.i.embedder.EclipseLogger - Copying 0 resource
2021-08-29 20:29:21,420 [Worker-54: Building] WARN  o.e.m.c.i.embedder.EclipseLogger - Using platform encoding (Cp1252 actually) to copy filtered resources, i.e. build is platform dependent!
2021-08-29 20:29:21,429 [Worker-54: Building] INFO  o.e.m.c.i.embedder.EclipseLogger - Copying 0 resource
2021-08-29 20:29:29,402 [main] INFO  o.e.m2e.actions.ExecutePomAction - Creating new launch configuration
2021-08-29 20:29:32,580 [Worker-43: Launching LockMeArt (8)] INFO  o.e.m.i.launch.MavenLaunchDelegate - C:\caltech\Phase1-Project\LockMeArt
2021-08-29 20:29:32,581 [Worker-43: Launching LockMeArt (8)] INFO  o.e.m.i.launch.MavenLaunchDelegate -  mvn -B compile
2021-08-29 20:30:07,401 [Worker-53: Building] WARN  o.e.m.c.i.embedder.EclipseLogger - Using platform encoding (Cp1252 actually) to copy filtered resources, i.e. build is platform dependent!
2021-08-29 20:30:07,404 [Worker-53: Building] INFO  o.e.m.c.i.embedder.EclipseLogger - Copying 0 resource
2021-08-29 20:30:07,407 [Worker-53: Building] WARN  o.e.m.c.i.embedder.EclipseLogger - Using platform encoding (Cp1252 actually) to copy filtered resources, i.e. build is platform dependent!
2021-08-29 20:30:07,416 [Worker-53: Building] INFO  o.e.m.c.i.embedder.EclipseLogger - Copying 0 resource
2021-08-29 20:32:10,984 [main] INFO  o.e.m2e.actions.ExecutePomAction - Creating new launch configuration
2021-08-29 20:32:16,785 [Worker-53: Launching LockMeArt (9)] INFO  o.e.m.i.launch.MavenLaunchDelegate - C:\caltech\Phase1-Project\LockMeArt
2021-08-29 20:32:16,786 [Worker-53: Launching LockMeArt (9)] INFO  o.e.m.i.launch.MavenLaunchDelegate -  mvn -B -Dmaven.test.skip=true -DskipTests run
2021-08-29 20:33:08,408 [main] INFO  o.e.m2e.actions.ExecutePomAction - Creating new launch configuration
2021-08-29 20:33:19,064 [Worker-52: Launching LockMeArt (10)] INFO  o.e.m.i.launch.MavenLaunchDelegate - C:\caltech\Phase1-Project\LockMeArt
2021-08-29 20:33:19,064 [Worker-52: Launching LockMeArt (10)] INFO  o.e.m.i.launch.MavenLaunchDelegate -  mvn -B -Dmaven.test.skip=true -DskipTests 
2021-08-29 20:33:49,545 [Worker-46: Launching Executing install in C__caltech_Phase1-Project_LockMeArt] INFO  o.e.m.i.launch.MavenLaunchDelegate - C:\caltech\Phase1-Project\LockMeArt
2021-08-29 20:33:49,545 [Worker-46: Launching Executing install in C__caltech_Phase1-Project_LockMeArt] INFO  o.e.m.i.launch.MavenLaunchDelegate -  mvn -B install
2021-08-29 20:33:53,041 [Worker-56: Building] WARN  o.e.m.c.i.embedder.EclipseLogger - Using platform encoding (Cp1252 actually) to copy filtered resources, i.e. build is platform dependent!
2021-08-29 20:33:53,044 [Worker-56: Building] INFO  o.e.m.c.i.embedder.EclipseLogger - Copying 0 resource
2021-08-29 20:33:53,046 [Worker-56: Building] WARN  o.e.m.c.i.embedder.EclipseLogger - Using platform encoding (Cp1252 actually) to copy filtered resources, i.e. build is platform dependent!
2021-08-29 20:33:53,053 [Worker-56: Building] INFO  o.e.m.c.i.embedder.EclipseLogger - Copying 0 resource
2021-08-29 20:35:53,158 [Worker-6: Loading available Gradle versions] INFO  o.e.b.c.i.u.g.PublishedGradleVersions - Gradle version information cache is out-of-date. Trying to update.
2021-08-29 20:35:55,918 [Worker-4: Building] WARN  o.e.m.c.i.embedder.EclipseLogger - Using platform encoding (Cp1252 actually) to copy filtered resources, i.e. build is platform dependent!
2021-08-29 20:35:55,935 [Worker-4: Building] INFO  o.e.m.c.i.embedder.EclipseLogger - Copying 0 resource
2021-08-29 20:35:55,938 [Worker-4: Building] WARN  o.e.m.c.i.embedder.EclipseLogger - Using platform encoding (Cp1252 actually) to copy filtered resources, i.e. build is platform dependent!
2021-08-29 20:35:55,939 [Worker-4: Building] INFO  o.e.m.c.i.embedder.EclipseLogger - Copying 0 resource
2021-08-29 20:38:56,633 [Worker-3: Building] WARN  o.e.m.c.i.embedder.EclipseLogger - Using platform encoding (Cp1252 actually) to copy filtered resources, i.e. build is platform dependent!
2021-08-29 20:38:56,641 [Worker-3: Building] INFO  o.e.m.c.i.embedder.EclipseLogger - Copying 0 resource
2021-08-29 20:38:56,643 [Worker-3: Building] WARN  o.e.m.c.i.embedder.EclipseLogger - Using platform encoding (Cp1252 actually) to copy filtered resources, i.e. build is platform dependent!
2021-08-29 20:38:56,645 [Worker-3: Building] INFO  o.e.m.c.i.embedder.EclipseLogger - Copying 0 resource
2021-08-29 20:40:30,613 [Worker-21: Building] WARN  o.e.m.c.i.embedder.EclipseLogger - Using platform encoding (Cp1252 actually) to copy filtered resources, i.e. build is platform dependent!
2021-08-29 20:40:30,614 [Worker-21: Building] INFO  o.e.m.c.i.embedder.EclipseLogger - Copying 0 resource
2021-08-29 20:40:30,615 [Worker-21: Building] WARN  o.e.m.c.i.embedder.EclipseLogger - Using platform encoding (Cp1252 actually) to copy filtered resources, i.e. build is platform dependent!
2021-08-29 20:40:30,617 [Worker-21: Building] INFO  o.e.m.c.i.embedder.EclipseLogger - Copying 0 resource
